--2018-04-02 20:33:49--  http://kernel.ubuntu.com/~kernel-ppa/mainline/v4.16/linux-image-4.16.0-041600-generic_4.16.0-041600.201804012230_amd64.deb
Resolving kernel.ubuntu.com (kernel.ubuntu.com)... 91.189.94.216
Connecting to kernel.ubuntu.com (kernel.ubuntu.com)|91.189.94.216|:80... connected.
HTTP request sent, awaiting response... 200 OK
Length: 53088470 (51M) [application/x-debian-package]
Saving to: ‘linux-image-4.16-amd64.deb’

     0K .......... .......... .......... .......... ..........  0%  113K 7m38s
    50K .......... .......... .......... .......... ..........  0%  226K 5m43s
   100K .......... .......... .......... .......... ..........  0% 11.3M 3m50s
   150K .......... .......... .......... .......... ..........  0% 18.9M 2m53s
   200K .......... .......... .......... .......... ..........  0%  230K 3m3s
   250K .......... .......... .......... .......... ..........  0% 15.5M 2m33s
   300K .......... .......... .......... .......... ..........  0% 18.6M 2m11s
   350K .......... .......... .......... .......... ..........  0%  236K 2m22s
   400K .......... .......... .......... .......... ..........  0% 15.8M 2m7s
   450K .......... .......... .......... .......... ..........  0%  140M 1m54s
   500K .......... .......... .......... .......... ..........  1%  156M 1m43s
   550K .......... .......... .......... .......... ..........  1%  155M 95s
   600K .......... .......... .......... .......... ..........  1%  143M 87s
   650K .......... .......... .......... .......... ..........  1%  145M 81s
   700K .......... .......... .......... .......... ..........  1% 13.0M 76s
   750K .......... .......... .......... .......... ..........  1%  234K 85s
   800K .......... .......... .......... .......... ..........  1% 16.2M 80s
   850K .......... .......... .......... .......... ..........  1% 14.7M 75s
   900K .......... .......... .......... .......... ..........  1% 20.5M 72s
   950K .......... .......... .......... .......... ..........  1% 17.4M 68s
  1000K .......... .......... .......... .......... ..........  2% 46.1M 65s
  1050K .......... .......... .......... .......... ..........  2%  230M 62s
  1100K .......... .......... .......... .......... ..........  2%  237M 59s
  1150K .......... .......... .......... .......... ..........  2%  248M 57s
  1200K .......... .......... .......... .......... ..........  2%  298M 54s
  1250K .......... .......... .......... .......... ..........  2%  266M 52s
  1300K .......... .......... .......... .......... ..........  2%  294M 50s
  1350K .......... .......... .......... .......... ..........  2%  220M 48s
  1400K .......... .......... .......... .......... ..........  2%  295M 47s
  1450K .......... .......... .......... .......... ..........  2%  298M 45s
  1500K .......... .......... .......... .......... ..........  2%  241K 50s
  1550K .......... .......... .......... .......... ..........  3% 14.2M 49s
  1600K .......... .......... .......... .......... ..........  3% 13.5M 47s
  1650K .......... .......... .......... .......... ..........  3% 12.3M 46s
  1700K .......... .......... .......... .......... ..........  3% 16.8M 45s
  1750K .......... .......... .......... .......... ..........  3% 25.7M 44s
  1800K .......... .......... .......... .......... ..........  3% 24.1M 42s
  1850K .......... .......... .......... .......... ..........  3% 27.1M 41s
  1900K .......... .......... .......... .......... ..........  3% 25.5M 40s
  1950K .......... .......... .......... .......... ..........  3% 24.8M 39s
  2000K .......... .......... .......... .......... ..........  3% 21.2M 38s
  2050K .......... .......... .......... .......... ..........  4% 33.6M 37s
  2100K .......... .......... .......... .......... ..........  4%  203M 36s
  2150K .......... .......... .......... .......... ..........  4%  214M 36s
  2200K .......... .......... .......... .......... ..........  4%  189M 35s
  2250K .......... .......... .......... .......... ..........  4%  235M 34s
  2300K .......... .......... .......... .......... ..........  4%  179M 33s
  2350K .......... .......... .......... .......... ..........  4%  231M 33s
  2400K .......... .......... .......... .......... ..........  4%  200M 32s
  2450K .......... .......... .......... .......... ..........  4%  317M 31s
  2500K .......... .......... .......... .......... ..........  4%  325M 31s
  2550K .......... .......... .......... .......... ..........  5%  255M 30s
  2600K .......... .......... .......... .......... ..........  5%  209M 29s
  2650K .......... .......... .......... .......... ..........  5%  224M 29s
  2700K .......... .......... .......... .......... ..........  5%  233M 28s
  2750K .......... .......... .......... .......... ..........  5%  258K 31s
  2800K .......... .......... .......... .......... ..........  5% 9.47M 31s
  2850K .......... .......... .......... .......... ..........  5% 10.6M 30s
  2900K .......... .......... .......... .......... ..........  5% 9.74M 30s
  2950K .......... .......... .......... .......... ..........  5% 13.1M 29s
  3000K .......... .......... .......... .......... ..........  5% 21.1M 29s
  3050K .......... .......... .......... .......... ..........  5% 23.0M 28s
  3100K .......... .......... .......... .......... ..........  6% 19.5M 28s
  3150K .......... .......... .......... .......... ..........  6% 22.2M 27s
  3200K .......... .......... .......... .......... ..........  6% 23.1M 27s
  3250K .......... .......... .......... .......... ..........  6% 22.8M 27s
  3300K .......... .......... .......... .......... ..........  6% 19.4M 26s
  3350K .......... .......... .......... .......... ..........  6% 46.6M 26s
  3400K .......... .......... .......... .......... ..........  6%  189M 25s
  3450K .......... .......... .......... .......... ..........  6%  210M 25s
  3500K .......... .......... .......... .......... ..........  6%  160M 25s
  3550K .......... .......... .......... .......... ..........  6%  201M 24s
  3600K .......... .......... .......... .......... ..........  7%  237M 24s
  3650K .......... .......... .......... .......... ..........  7%  219M 24s
  3700K .......... .......... .......... .......... ..........  7%  187M 23s
  3750K .......... .......... .......... .......... ..........  7%  185M 23s
  3800K .......... .......... .......... .......... ..........  7%  229M 23s
  3850K .......... .......... .......... .......... ..........  7%  236M 22s
  3900K .......... .......... .......... .......... ..........  7%  157M 22s
  3950K .......... .......... .......... .......... ..........  7%  205M 22s
  4000K .......... .......... .......... .......... ..........  7%  235M 21s
  4050K .......... .......... .......... .......... ..........  7%  231M 21s
  4100K .......... .......... .......... .......... ..........  8%  200M 21s
  4150K .......... .......... .......... .......... ..........  8%  202M 21s
  4200K .......... .......... .......... .......... ..........  8%  239M 20s
  4250K .......... .......... .......... .......... ..........  8% 34.3M 20s
  4300K .......... .......... .......... .......... ..........  8% 13.3M 20s
  4350K .......... .......... .......... .......... ..........  8% 13.0M 20s
  4400K .......... .......... .......... .......... ..........  8% 16.5M 19s
  4450K .......... .......... .......... .......... ..........  8% 19.5M 19s
  4500K .......... .......... .......... .......... ..........  8% 18.2M 19s
  4550K .......... .......... .......... .......... ..........  8% 23.7M 19s
  4600K .......... .......... .......... .......... ..........  8% 21.2M 19s
  4650K .......... .......... .......... .......... ..........  9% 21.4M 18s
  4700K .......... .......... .......... .......... ..........  9% 20.3M 18s
  4750K .......... .......... .......... .......... ..........  9% 22.3M 18s
  4800K .......... .......... .......... .......... ..........  9% 23.6M 18s
  4850K .......... .......... .......... .......... ..........  9% 22.5M 18s
  4900K .......... .......... .......... .......... ..........  9% 70.8M 17s
  4950K .......... .......... .......... .......... ..........  9%  234M 17s
  5000K .......... .......... .......... .......... ..........  9%  228M 17s
  5050K .......... .......... .......... .......... ..........  9%  340K 18s
  5100K .......... .......... .......... .......... ..........  9% 9.38M 18s
  5150K .......... .......... .......... .......... .......... 10% 9.99M 18s
  5200K .......... .......... .......... .......... .......... 10% 16.2M 18s
  5250K .......... .......... .......... .......... .......... 10% 12.8M 18s
  5300K .......... .......... .......... .......... .......... 10% 16.0M 17s
  5350K .......... .......... .......... .......... .......... 10% 15.8M 17s
  5400K .......... .......... .......... .......... .......... 10% 19.7M 17s
  5450K .......... .......... .......... .......... .......... 10% 19.7M 17s
  5500K .......... .......... .......... .......... .......... 10% 19.3M 17s
  5550K .......... .......... .......... .......... .......... 10% 73.4M 17s
  5600K .......... .......... .......... .......... .......... 10%  180M 17s
  5650K .......... .......... .......... .......... .......... 10%  144M 16s
  5700K .......... .......... .......... .......... .......... 11%  163M 16s
  5750K .......... .......... .......... .......... .......... 11%  117M 16s
  5800K .......... .......... .......... .......... .......... 11%  197M 16s
  5850K .......... .......... .......... .......... .......... 11%  184M 16s
  5900K .......... .......... .......... .......... .......... 11%  183M 16s
  5950K .......... .......... .......... .......... .......... 11%  180M 15s
  6000K .......... .......... .......... .......... .......... 11%  205M 15s
  6050K .......... .......... .......... .......... .......... 11%  188M 15s
  6100K .......... .......... .......... .......... .......... 11%  198M 15s
  6150K .......... .......... .......... .......... .......... 11%  178M 15s
  6200K .......... .......... .......... .......... .......... 12%  217M 15s
  6250K .......... .......... .......... .......... .......... 12%  189M 15s
  6300K .......... .......... .......... .......... .......... 12%  201M 15s
  6350K .......... .......... .......... .......... .......... 12% 45.3M 14s
  6400K .......... .......... .......... .......... .......... 12% 12.8M 14s
  6450K .......... .......... .......... .......... .......... 12% 14.3M 14s
  6500K .......... .......... .......... .......... .......... 12% 13.2M 14s
  6550K .......... .......... .......... .......... .......... 12% 14.5M 14s
  6600K .......... .......... .......... .......... .......... 12% 16.2M 14s
  6650K .......... .......... .......... .......... .......... 12% 18.8M 14s
  6700K .......... .......... .......... .......... .......... 13%  298K 15s
  6750K .......... .......... .......... .......... .......... 13% 14.9M 15s
  6800K .......... .......... .......... .......... .......... 13% 16.2M 15s
  6850K .......... .......... .......... .......... .......... 13% 16.8M 15s
  6900K .......... .......... .......... .......... .......... 13% 13.1M 14s
  6950K .......... .......... .......... .......... .......... 13% 20.6M 14s
  7000K .......... .......... .......... .......... .......... 13% 18.0M 14s
  7050K .......... .......... .......... .......... .......... 13% 19.2M 14s
  7100K .......... .......... .......... .......... .......... 13% 17.6M 14s
  7150K .......... .......... .......... .......... .......... 13% 23.1M 14s
  7200K .......... .......... .......... .......... .......... 13% 39.5M 14s
  7250K .......... .......... .......... .......... .......... 14%  230M 14s
  7300K .......... .......... .......... .......... .......... 14%  208M 14s
  7350K .......... .......... .......... .......... .......... 14%  236M 13s
  7400K .......... .......... .......... .......... .......... 14%  233M 13s
  7450K .......... .......... .......... .......... .......... 14%  247M 13s
  7500K .......... .......... .......... .......... .......... 14% 12.6M 13s
  7550K .......... .......... .......... .......... .......... 14% 18.3M 13s
  7600K .......... .......... .......... .......... .......... 14% 24.1M 13s
  7650K .......... .......... .......... .......... .......... 14% 23.1M 13s
  7700K .......... .......... .......... .......... .......... 14% 16.7M 13s
  7750K .......... .......... .......... .......... .......... 15% 21.6M 13s
  7800K .......... .......... .......... .......... .......... 15% 92.9M 13s
  7850K .......... .......... .......... .......... .......... 15%  207M 13s
  7900K .......... .......... .......... .......... .......... 15%  200M 12s
  7950K .......... .......... .......... .......... .......... 15%  241M 12s
  8000K .......... .......... .......... .......... .......... 15%  243M 12s
  8050K .......... .......... .......... .......... .......... 15%  248M 12s
  8100K .......... .......... .......... .......... .......... 15%  199M 12s
  8150K .......... .......... .......... .......... .......... 15%  216M 12s
  8200K .......... .......... .......... .......... .......... 15%  214M 12s
  8250K .......... .......... .......... .......... .......... 16%  246M 12s
  8300K .......... .......... .......... .......... .......... 16%  193M 12s
  8350K .......... .......... .......... .......... .......... 16%  216M 12s
  8400K .......... .......... .......... .......... .......... 16%  242M 12s
  8450K .......... .......... .......... .......... .......... 16%  193M 12s
  8500K .......... .......... .......... .......... .......... 16%  188M 11s
  8550K .......... .......... .......... .......... .......... 16%  231M 11s
  8600K .......... .......... .......... .......... .......... 16%  236M 11s
  8650K .......... .......... .......... .......... .......... 16% 16.7M 11s
  8700K .......... .......... .......... .......... .......... 16% 13.4M 11s
  8750K .......... .......... .......... .......... .......... 16%  305K 12s
  8800K .......... .......... .......... .......... .......... 17% 17.1M 12s
  8850K .......... .......... .......... .......... .......... 17% 27.2M 12s
  8900K .......... .......... .......... .......... .......... 17% 23.0M 12s
  8950K .......... .......... .......... .......... .......... 17% 27.5M 12s
  9000K .......... .......... .......... .......... .......... 17% 25.2M 12s
  9050K .......... .......... .......... .......... .......... 17% 27.8M 11s
  9100K .......... .......... .......... .......... .......... 17% 20.3M 11s
  9150K .......... .......... .......... .......... .......... 17% 31.2M 11s
  9200K .......... .......... .......... .......... .......... 17% 30.5M 11s
  9250K .......... .......... .......... .......... .......... 17% 33.1M 11s
  9300K .......... .......... .......... .......... .......... 18% 23.0M 11s
  9350K .......... .......... .......... .......... .......... 18% 32.2M 11s
  9400K .......... .......... .......... .......... .......... 18% 36.5M 11s
  9450K .......... .......... .......... .......... .......... 18% 36.3M 11s
  9500K .......... .......... .......... .......... .......... 18%  215M 11s
  9550K .......... .......... .......... .......... .......... 18%  226M 11s
  9600K .......... .......... .......... .......... .......... 18%  237M 11s
  9650K .......... .......... .......... .......... .......... 18%  254M 11s
  9700K .......... .......... .......... .......... .......... 18%  190M 11s
  9750K .......... .......... .......... .......... .......... 18%  252M 11s
  9800K .......... .......... .......... .......... .......... 18%  245M 11s
  9850K .......... .......... .......... .......... .......... 19%  240M 10s
  9900K .......... .......... .......... .......... .......... 19%  215M 10s
  9950K .......... .......... .......... .......... .......... 19%  248M 10s
 10000K .......... .......... .......... .......... .......... 19%  244M 10s
 10050K .......... .......... .......... .......... .......... 19%  241M 10s
 10100K .......... .......... .......... .......... .......... 19%  206M 10s
 10150K .......... .......... .......... .......... .......... 19%  251M 10s
 10200K .......... .......... .......... .......... .......... 19%  245M 10s
 10250K .......... .......... .......... .......... .......... 19%  243M 10s
 10300K .......... .......... .......... .......... .......... 19%  205M 10s
 10350K .......... .......... .......... .......... .......... 20% 29.5M 10s
 10400K .......... .......... .......... .......... .......... 20% 17.8M 10s
 10450K .......... .......... .......... .......... .......... 20% 18.3M 10s
 10500K .......... .......... .......... .......... .......... 20% 15.9M 10s
 10550K .......... .......... .......... .......... .......... 20% 26.8M 10s
 10600K .......... .......... .......... .......... .......... 20% 25.3M 10s
 10650K .......... .......... .......... .......... .......... 20%  277K 10s
 10700K .......... .......... .......... .......... .......... 20% 11.8M 10s
 10750K .......... .......... .......... .......... .......... 20% 12.6M 10s
 10800K .......... .......... .......... .......... .......... 20% 12.2M 10s
 10850K .......... .......... .......... .......... .......... 21% 13.7M 10s
 10900K .......... .......... .......... .......... .......... 21% 10.2M 10s
 10950K .......... .......... .......... .......... .......... 21% 55.3M 10s
 11000K .......... .......... .......... .......... .......... 21%  120M 10s
 11050K .......... .......... .......... .......... .......... 21%  104M 10s
 11100K .......... .......... .......... .......... .......... 21%  112M 10s
 11150K .......... .......... .......... .......... .......... 21%  128M 10s
 11200K .......... .......... .......... .......... .......... 21%  125M 10s
 11250K .......... .......... .......... .......... .......... 21%  117M 10s
 11300K .......... .......... .......... .......... .......... 21%  127M 10s
 11350K .......... .......... .......... .......... .......... 21%  172M 10s
 11400K .......... .......... .......... .......... .......... 22%  196M 9s
 11450K .......... .......... .......... .......... .......... 22%  182M 9s
 11500K .......... .......... .......... .......... .......... 22%  163M 9s
 11550K .......... .......... .......... .......... .......... 22%  210M 9s
 11600K .......... .......... .......... .......... .......... 22%  206M 9s
 11650K .......... .......... .......... .......... .......... 22% 15.6M 9s
 11700K .......... .......... .......... .......... .......... 22% 12.1M 9s
 11750K .......... .......... .......... .......... .......... 22% 9.51M 9s
 11800K .......... .......... .......... .......... .......... 22% 16.7M 9s
 11850K .......... .......... .......... .......... .......... 22% 15.7M 9s
 11900K .......... .......... .......... .......... .......... 23% 17.1M 9s
 11950K .......... .......... .......... .......... .......... 23% 19.5M 9s
 12000K .......... .......... .......... .......... .......... 23%  128M 9s
 12050K .......... .......... .......... .......... .......... 23%  159M 9s
 12100K .......... .......... .......... .......... .......... 23%  190M 9s
 12150K .......... .......... .......... .......... .......... 23%  203M 9s
 12200K .......... .......... .......... .......... .......... 23%  183M 9s
 12250K .......... .......... .......... .......... .......... 23%  128M 9s
 12300K .......... .......... .......... .......... .......... 23%  139M 9s
 12350K .......... .......... .......... .......... .......... 23%  168M 9s
 12400K .......... .......... .......... .......... .......... 24%  210M 9s
 12450K .......... .......... .......... .......... .......... 24%  184M 9s
 12500K .......... .......... .......... .......... .......... 24%  203M 8s
 12550K .......... .......... .......... .......... .......... 24%  209M 8s
 12600K .......... .......... .......... .......... .......... 24%  215M 8s
 12650K .......... .......... .......... .......... .......... 24%  183M 8s
 12700K .......... .......... .......... .......... .......... 24%  196M 8s
 12750K .......... .......... .......... .......... .......... 24%  298K 9s
 12800K .......... .......... .......... .......... .......... 24% 7.66M 9s
 12850K .......... .......... .......... .......... .......... 24% 8.61M 9s
 12900K .......... .......... .......... .......... .......... 24% 12.1M 9s
 12950K .......... .......... .......... .......... .......... 25% 13.9M 9s
 13000K .......... .......... .......... .......... .......... 25% 19.7M 9s
 13050K .......... .......... .......... .......... .......... 25% 19.0M 9s
 13100K .......... .......... .......... .......... .......... 25% 19.9M 9s
 13150K .......... .......... .......... .......... .......... 25% 23.6M 9s
 13200K .......... .......... .......... .......... .......... 25% 23.9M 8s
 13250K .......... .......... .......... .......... .......... 25% 20.2M 8s
 13300K .......... .......... .......... .......... .......... 25% 54.8M 8s
 13350K .......... .......... .......... .......... .......... 25%  180M 8s
 13400K .......... .......... .......... .......... .......... 25%  148M 8s
 13450K .......... .......... .......... .......... .......... 26%  127M 8s
 13500K .......... .......... .......... .......... .......... 26%  156M 8s
 13550K .......... .......... .......... .......... .......... 26%  141M 8s
 13600K .......... .......... .......... .......... .......... 26%  130M 8s
 13650K .......... .......... .......... .......... .......... 26%  124M 8s
 13700K .......... .......... .......... .......... .......... 26%  139M 8s
 13750K .......... .......... .......... .......... .......... 26%  146M 8s
 13800K .......... .......... .......... .......... .......... 26%  194M 8s
 13850K .......... .......... .......... .......... .......... 26%  216M 8s
 13900K .......... .......... .......... .......... .......... 26%  249M 8s
 13950K .......... .......... .......... .......... .......... 27%  246M 8s
 14000K .......... .......... .......... .......... .......... 27%  252M 8s
 14050K .......... .......... .......... .......... .......... 27%  134M 8s
 14100K .......... .......... .......... .......... .......... 27%  153M 8s
 14150K .......... .......... .......... .......... .......... 27%  200M 8s
 14200K .......... .......... .......... .......... .......... 27%  154M 8s
 14250K .......... .......... .......... .......... .......... 27%  212M 8s
 14300K .......... .......... .......... .......... .......... 27% 19.1M 8s
 14350K .......... .......... .......... .......... .......... 27% 14.8M 8s
 14400K .......... .......... .......... .......... .......... 27% 13.4M 8s
 14450K .......... .......... .......... .......... .......... 27% 12.7M 8s
 14500K .......... .......... .......... .......... .......... 28% 16.0M 8s
 14550K .......... .......... .......... .......... .......... 28%  304K 8s
 14600K .......... .......... .......... .......... .......... 28% 12.5M 8s
 14650K .......... .......... .......... .......... .......... 28% 9.16M 8s
 14700K .......... .......... .......... .......... .......... 28% 91.1M 8s
 14750K .......... .......... .......... .......... .......... 28%  153M 8s
 14800K .......... .......... .......... .......... .......... 28%  134M 8s
 14850K .......... .......... .......... .......... .......... 28%  161M 8s
 14900K .......... .......... .......... .......... .......... 28%  159M 8s
 14950K .......... .......... .......... .......... .......... 28% 21.1M 8s
 15000K .......... .......... .......... .......... .......... 29% 7.08M 8s
 15050K .......... .......... .......... .......... .......... 29% 11.6M 8s
 15100K .......... .......... .......... .......... .......... 29% 12.7M 8s
 15150K .......... .......... .......... .......... .......... 29% 12.1M 8s
 15200K .......... .......... .......... .......... .......... 29% 27.8M 8s
 15250K .......... .......... .......... .......... .......... 29%  117M 7s
 15300K .......... .......... .......... .......... .......... 29%  121M 7s
 15350K .......... .......... .......... .......... .......... 29%  199M 7s
 15400K .......... .......... .......... .......... .......... 29% 17.6M 7s
 15450K .......... .......... .......... .......... .......... 29% 19.4M 7s
 15500K .......... .......... .......... .......... .......... 29% 20.7M 7s
 15550K .......... .......... .......... .......... .......... 30% 20.2M 7s
 15600K .......... .......... .......... .......... .......... 30% 19.8M 7s
 15650K .......... .......... .......... .......... .......... 30% 23.8M 7s
 15700K .......... .......... .......... .......... .......... 30% 23.0M 7s
 15750K .......... .......... .......... .......... .......... 30% 20.3M 7s
 15800K .......... .......... .......... .......... .......... 30% 20.4M 7s
 15850K .......... .......... .......... .......... .......... 30% 85.6M 7s
 15900K .......... .......... .......... .......... .......... 30%  252M 7s
 15950K .......... .......... .......... .......... .......... 30%  262M 7s
 16000K .......... .......... .......... .......... .......... 30%  192M 7s
 16050K .......... .......... .......... .......... .......... 31%  264M 7s
 16100K .......... .......... .......... .......... .......... 31%  212M 7s
 16150K .......... .......... .......... .......... .......... 31%  150M 7s
 16200K .......... .......... .......... .......... .......... 31%  163M 7s
 16250K .......... .......... .......... .......... .......... 31%  197M 7s
 16300K .......... .......... .......... .......... .......... 31% 26.9M 7s
 16350K .......... .......... .......... .......... .......... 31% 22.1M 7s
 16400K .......... .......... .......... .......... .......... 31% 16.6M 7s
 16450K .......... .......... .......... .......... .......... 31% 16.1M 7s
 16500K .......... .......... .......... .......... .......... 31% 20.2M 7s
 16550K .......... .......... .......... .......... .......... 32%  332K 7s
 16600K .......... .......... .......... .......... .......... 32% 14.1M 7s
 16650K .......... .......... .......... .......... .......... 32% 12.3M 7s
 16700K .......... .......... .......... .......... .......... 32% 12.5M 7s
 16750K .......... .......... .......... .......... .......... 32% 15.5M 7s
 16800K .......... .......... .......... .......... .......... 32% 12.9M 7s
 16850K .......... .......... .......... .......... .......... 32% 13.8M 7s
 16900K .......... .......... .......... .......... .......... 32% 17.0M 7s
 16950K .......... .......... .......... .......... .......... 32% 19.3M 7s
 17000K .......... .......... .......... .......... .......... 32%  176M 7s
 17050K .......... .......... .......... .......... .......... 32%  226M 7s
 17100K .......... .......... .......... .......... .......... 33%  176M 7s
 17150K .......... .......... .......... .......... .......... 33%  152M 7s
 17200K .......... .......... .......... .......... .......... 33%  234M 7s
 17250K .......... .......... .......... .......... .......... 33%  245M 7s
 17300K .......... .......... .......... .......... .......... 33%  210M 7s
 17350K .......... .......... .......... .......... .......... 33%  145M 7s
 17400K .......... .......... .......... .......... .......... 33%  203M 7s
 17450K .......... .......... .......... .......... .......... 33%  245M 7s
 17500K .......... .......... .......... .......... .......... 33%  242M 7s
 17550K .......... .......... .......... .......... .......... 33%  182M 7s
 17600K .......... .......... .......... .......... .......... 34%  244M 6s
 17650K .......... .......... .......... .......... .......... 34%  226M 6s
 17700K .......... .......... .......... .......... .......... 34%  251M 6s
 17750K .......... .......... .......... .......... .......... 34%  194M 6s
 17800K .......... .......... .......... .......... .......... 34%  183M 6s
 17850K .......... .......... .......... .......... .......... 34%  234M 6s
 17900K .......... .......... .......... .......... .......... 34%  175M 6s
 17950K .......... .......... .......... .......... .......... 34%  159M 6s
 18000K .......... .......... .......... .......... .......... 34%  242M 6s
 18050K .......... .......... .......... .......... .......... 34%  190M 6s
 18100K .......... .......... .......... .......... .......... 35%  237M 6s
 18150K .......... .......... .......... .......... .......... 35% 20.1M 6s
 18200K .......... .......... .......... .......... .......... 35% 20.3M 6s
 18250K .......... .......... .......... .......... .......... 35% 20.6M 6s
 18300K .......... .......... .......... .......... .......... 35% 19.8M 6s
 18350K .......... .......... .......... .......... .......... 35% 16.6M 6s
 18400K .......... .......... .......... .......... .......... 35% 86.5M 6s
 18450K .......... .......... .......... .......... .......... 35%  240M 6s
 18500K .......... .......... .......... .......... .......... 35%  247M 6s
 18550K .......... .......... .......... .......... .......... 35%  290K 6s
 18600K .......... .......... .......... .......... .......... 35% 17.2M 6s
 18650K .......... .......... .......... .......... .......... 36% 17.2M 6s
 18700K .......... .......... .......... .......... .......... 36% 25.5M 6s
 18750K .......... .......... .......... .......... .......... 36%  259M 6s
 18800K .......... .......... .......... .......... .......... 36%  208M 6s
 18850K .......... .......... .......... .......... .......... 36%  259M 6s
 18900K .......... .......... .......... .......... .......... 36%  154M 6s
 18950K .......... .......... .......... .......... .......... 36%  239M 6s
 19000K .......... .......... .......... .......... .......... 36%  242M 6s
 19050K .......... .......... .......... .......... .......... 36%  247M 6s
 19100K .......... .......... .......... .......... .......... 36%  224M 6s
 19150K .......... .......... .......... .......... .......... 37%  210M 6s
 19200K .......... .......... .......... .......... .......... 37%  222M 6s
 19250K .......... .......... .......... .......... .......... 37%  272M 6s
 19300K .......... .......... .......... .......... .......... 37%  270M 6s
 19350K .......... .......... .......... .......... .......... 37% 28.8M 6s
 19400K .......... .......... .......... .......... .......... 37% 20.3M 6s
 19450K .......... .......... .......... .......... .......... 37% 25.8M 6s
 19500K .......... .......... .......... .......... .......... 37% 14.2M 6s
 19550K .......... .......... .......... .......... .......... 37% 16.1M 6s
 19600K .......... .......... .......... .......... .......... 37% 26.4M 6s
 19650K .......... .......... .......... .......... .......... 37% 27.5M 6s
 19700K .......... .......... .......... .......... .......... 38% 68.1M 6s
 19750K .......... .......... .......... .......... .......... 38%  244M 6s
 19800K .......... .......... .......... .......... .......... 38%  317M 6s
 19850K .......... .......... .......... .......... .......... 38%  340M 6s
 19900K .......... .......... .......... .......... .......... 38%  279M 6s
 19950K .......... .......... .......... .......... .......... 38%  327M 6s
 20000K .......... .......... .......... .......... .......... 38%  334M 6s
 20050K .......... .......... .......... .......... .......... 38%  326M 6s
 20100K .......... .......... .......... .......... .......... 38%  293M 6s
 20150K .......... .......... .......... .......... .......... 38%  332M 6s
 20200K .......... .......... .......... .......... .......... 39%  346M 6s
 20250K .......... .......... .......... .......... .......... 39%  339M 6s
 20300K .......... .......... .......... .......... .......... 39%  280M 6s
 20350K .......... .......... .......... .......... .......... 39%  304M 6s
 20400K .......... .......... .......... .......... .......... 39%  182M 5s
 20450K .......... .......... .......... .......... .......... 39%  259K 6s
 20500K .......... .......... .......... .......... .......... 39% 6.73M 6s
 20550K .......... .......... .......... .......... .......... 39% 11.2M 6s
 20600K .......... .......... .......... .......... .......... 39% 11.7M 6s
 20650K .......... .......... .......... .......... .......... 39%  129M 6s
 20700K .......... .......... .......... .......... .......... 40%  123M 6s
 20750K .......... .......... .......... .......... .......... 40%  113M 6s
 20800K .......... .......... .......... .......... .......... 40%  150M 6s
 20850K .......... .......... .......... .......... .......... 40%  141M 6s
 20900K .......... .......... .......... .......... .......... 40%  116M 6s
 20950K .......... .......... .......... .......... .......... 40%  178M 6s
 21000K .......... .......... .......... .......... .......... 40%  129M 6s
 21050K .......... .......... .......... .......... .......... 40%  173M 6s
 21100K .......... .......... .......... .......... .......... 40%  145M 5s
 21150K .......... .......... .......... .......... .......... 40%  106M 5s
 21200K .......... .......... .......... .......... .......... 40% 22.9M 5s
 21250K .......... .......... .......... .......... .......... 41% 17.0M 5s
 21300K .......... .......... .......... .......... .......... 41% 17.2M 5s
 21350K .......... .......... .......... .......... .......... 41% 20.0M 5s
 21400K .......... .......... .......... .......... .......... 41% 19.5M 5s
 21450K .......... .......... .......... .......... .......... 41% 56.8M 5s
 21500K .......... .......... .......... .......... .......... 41%  201M 5s
 21550K .......... .......... .......... .......... .......... 41%  227M 5s
 21600K .......... .......... .......... .......... .......... 41%  245M 5s
 21650K .......... .......... .......... .......... .......... 41%  248M 5s
 21700K .......... .......... .......... .......... .......... 41%  198M 5s
 21750K .......... .......... .......... .......... .......... 42%  231M 5s
 21800K .......... .......... .......... .......... .......... 42%  247M 5s
 21850K .......... .......... .......... .......... .......... 42%  244M 5s
 21900K .......... .......... .......... .......... .......... 42%  205M 5s
 21950K .......... .......... .......... .......... .......... 42%  245M 5s
 22000K .......... .......... .......... .......... .......... 42%  229M 5s
 22050K .......... .......... .......... .......... .......... 42%  246M 5s
 22100K .......... .......... .......... .......... .......... 42% 16.7M 5s
 22150K .......... .......... .......... .......... .......... 42% 19.6M 5s
 22200K .......... .......... .......... .......... .......... 42% 20.6M 5s
 22250K .......... .......... .......... .......... .......... 43% 19.4M 5s
 22300K .......... .......... .......... .......... .......... 43% 12.6M 5s
 22350K .......... .......... .......... .......... .......... 43% 67.0M 5s
 22400K .......... .......... .......... .......... .......... 43%  233M 5s
 22450K .......... .......... .......... .......... .......... 43%  171M 5s
 22500K .......... .......... .......... .......... .......... 43%  200M 5s
 22550K .......... .......... .......... .......... .......... 43%  231M 5s
 22600K .......... .......... .......... .......... .......... 43%  164M 5s
 22650K .......... .......... .......... .......... .......... 43%  200M 5s
 22700K .......... .......... .......... .......... .......... 43%  184M 5s
 22750K .......... .......... .......... .......... .......... 43%  218M 5s
 22800K .......... .......... .......... .......... .......... 44%  240M 5s
 22850K .......... .......... .......... .......... .......... 44%  244M 5s
 22900K .......... .......... .......... .......... .......... 44%  294K 5s
 22950K .......... .......... .......... .......... .......... 44% 16.1M 5s
 23000K .......... .......... .......... .......... .......... 44% 17.9M 5s
 23050K .......... .......... .......... .......... .......... 44% 14.8M 5s
 23100K .......... .......... .......... .......... .......... 44% 18.9M 5s
 23150K .......... .......... .......... .......... .......... 44% 20.5M 5s
 23200K .......... .......... .......... .......... .......... 44% 35.4M 5s
 23250K .......... .......... .......... .......... .......... 44%  133M 5s
 23300K .......... .......... .......... .......... .......... 45%  186M 5s
 23350K .......... .......... .......... .......... .......... 45%  187M 5s
 23400K .......... .......... .......... .......... .......... 45%  221M 5s
 23450K .......... .......... .......... .......... .......... 45%  158M 5s
 23500K .......... .......... .......... .......... .......... 45%  172M 5s
 23550K .......... .......... .......... .......... .......... 45%  177M 5s
 23600K .......... .......... .......... .......... .......... 45%  163M 5s
 23650K .......... .......... .......... .......... .......... 45%  156M 5s
 23700K .......... .......... .......... .......... .......... 45%  178M 5s
 23750K .......... .......... .......... .......... .......... 45%  189M 5s
 23800K .......... .......... .......... .......... .......... 46%  198M 5s
 23850K .......... .......... .......... .......... .......... 46%  157M 5s
 23900K .......... .......... .......... .......... .......... 46%  189M 5s
 23950K .......... .......... .......... .......... .......... 46%  182M 5s
 24000K .......... .......... .......... .......... .......... 46%  240M 5s
 24050K .......... .......... .......... .......... .......... 46%  212M 5s
 24100K .......... .......... .......... .......... .......... 46%  232M 5s
 24150K .......... .......... .......... .......... .......... 46%  186M 5s
 24200K .......... .......... .......... .......... .......... 46% 23.2M 5s
 24250K .......... .......... .......... .......... .......... 46% 20.5M 5s
 24300K .......... .......... .......... .......... .......... 46% 24.0M 5s
 24350K .......... .......... .......... .......... .......... 47% 23.7M 5s
 24400K .......... .......... .......... .......... .......... 47% 24.0M 5s
 24450K .......... .......... .......... .......... .......... 47% 20.6M 4s
 24500K .......... .......... .......... .......... .......... 47%  223M 4s
 24550K .......... .......... .......... .......... .......... 47%  219M 4s
 24600K .......... .......... .......... .......... .......... 47%  254M 4s
 24650K .......... .......... .......... .......... .......... 47%  208M 4s
 24700K .......... .......... .......... .......... .......... 47%  255M 4s
 24750K .......... .......... .......... .......... .......... 47%  259M 4s
 24800K .......... .......... .......... .......... .......... 47%  270K 5s
 24850K .......... .......... .......... .......... .......... 48% 8.09M 5s
 24900K .......... .......... .......... .......... .......... 48% 10.3M 5s
 24950K .......... .......... .......... .......... .......... 48% 64.5M 5s
 25000K .......... .......... .......... .......... .......... 48% 83.6M 5s
 25050K .......... .......... .......... .......... .......... 48% 87.8M 4s
 25100K .......... .......... .......... .......... .......... 48% 87.9M 4s
 25150K .......... .......... .......... .......... .......... 48%  119M 4s
 25200K .......... .......... .......... .......... .......... 48%  130M 4s
 25250K .......... .......... .......... .......... .......... 48%  105M 4s
 25300K .......... .......... .......... .......... .......... 48%  127M 4s
 25350K .......... .......... .......... .......... .......... 48%  158M 4s
 25400K .......... .......... .......... .......... .......... 49%  157M 4s
 25450K .......... .......... .......... .......... .......... 49%  217M 4s
 25500K .......... .......... .......... .......... .......... 49%  216M 4s
 25550K .......... .......... .......... .......... .......... 49%  159M 4s
 25600K .......... .......... .......... .......... .......... 49% 10.3M 4s
 25650K .......... .......... .......... .......... .......... 49% 11.5M 4s
 25700K .......... .......... .......... .......... .......... 49% 17.6M 4s
 25750K .......... .......... .......... .......... .......... 49% 16.9M 4s
 25800K .......... .......... .......... .......... .......... 49% 14.7M 4s
 25850K .......... .......... .......... .......... .......... 49% 17.4M 4s
 25900K .......... .......... .......... .......... .......... 50% 17.8M 4s
 25950K .......... .......... .......... .......... .......... 50% 17.7M 4s
 26000K .......... .......... .......... .......... .......... 50% 14.5M 4s
 26050K .......... .......... .......... .......... .......... 50% 17.5M 4s
 26100K .......... .......... .......... .......... .......... 50% 17.6M 4s
 26150K .......... .......... .......... .......... .......... 50% 15.9M 4s
 26200K .......... .......... .......... .......... .......... 50% 42.5M 4s
 26250K .......... .......... .......... .......... .......... 50%  207M 4s
 26300K .......... .......... .......... .......... .......... 50%  219M 4s
 26350K .......... .......... .......... .......... .......... 50%  151M 4s
 26400K .......... .......... .......... .......... .......... 51%  126M 4s
 26450K .......... .......... .......... .......... .......... 51%  211M 4s
 26500K .......... .......... .......... .......... .......... 51%  208M 4s
 26550K .......... .......... .......... .......... .......... 51%  188M 4s
 26600K .......... .......... .......... .......... .......... 51%  165M 4s
 26650K .......... .......... .......... .......... .......... 51%  212M 4s
 26700K .......... .......... .......... .......... .......... 51%  217M 4s
 26750K .......... .......... .......... .......... .......... 51%  183M 4s
 26800K .......... .......... .......... .......... .......... 51%  174M 4s
 26850K .......... .......... .......... .......... .......... 51%  172M 4s
 26900K .......... .......... .......... .......... .......... 51%  204M 4s
 26950K .......... .......... .......... .......... .......... 52%  157M 4s
 27000K .......... .......... .......... .......... .......... 52%  180M 4s
 27050K .......... .......... .......... .......... .......... 52%  222M 4s
 27100K .......... .......... .......... .......... .......... 52%  208M 4s
 27150K .......... .......... .......... .......... .......... 52%  188M 4s
 27200K .......... .......... .......... .......... .......... 52% 14.4M 4s
 27250K .......... .......... .......... .......... .......... 52% 15.7M 4s
 27300K .......... .......... .......... .......... .......... 52% 16.2M 4s
 27350K .......... .......... .......... .......... .......... 52% 17.3M 4s
 27400K .......... .......... .......... .......... .......... 52%  143M 4s
 27450K .......... .......... .......... .......... .......... 53%  330K 4s
 27500K .......... .......... .......... .......... .......... 53% 16.1M 4s
 27550K .......... .......... .......... .......... .......... 53%  180M 4s
 27600K .......... .......... .......... .......... .......... 53%  146M 4s
 27650K .......... .......... .......... .......... .......... 53%  169M 4s
 27700K .......... .......... .......... .......... .......... 53%  184M 4s
 27750K .......... .......... .......... .......... .......... 53%  153M 4s
 27800K .......... .......... .......... .......... .......... 53% 9.64M 4s
 27850K .......... .......... .......... .......... .......... 53% 10.7M 4s
 27900K .......... .......... .......... .......... .......... 53% 9.62M 4s
 27950K .......... .......... .......... .......... .......... 54% 34.4M 4s
 28000K .......... .......... .......... .......... .......... 54%  136M 4s
 28050K .......... .......... .......... .......... .......... 54%  109M 4s
 28100K .......... .......... .......... .......... .......... 54%  136M 4s
 28150K .......... .......... .......... .......... .......... 54%  178M 4s
 28200K .......... .......... .......... .......... .......... 54%  214M 4s
 28250K .......... .......... .......... .......... .......... 54%  158M 4s
 28300K .......... .......... .......... .......... .......... 54%  151M 4s
 28350K .......... .......... .......... .......... .......... 54%  211M 4s
 28400K .......... .......... .......... .......... .......... 54%  207M 4s
 28450K .......... .......... .......... .......... .......... 54%  138M 4s
 28500K .......... .......... .......... .......... .......... 55% 10.6M 4s
 28550K .......... .......... .......... .......... .......... 55% 15.3M 4s
 28600K .......... .......... .......... .......... .......... 55% 16.0M 4s
 28650K .......... .......... .......... .......... .......... 55% 16.2M 4s
 28700K .......... .......... .......... .......... .......... 55%  112M 4s
 28750K .......... .......... .......... .......... .......... 55%  184M 4s
 28800K .......... .......... .......... .......... .......... 55%  175M 4s
 28850K .......... .......... .......... .......... .......... 55%  190M 4s
 28900K .......... .......... .......... .......... .......... 55%  181M 4s
 28950K .......... .......... .......... .......... .......... 55%  156M 4s
 29000K .......... .......... .......... .......... .......... 56%  169M 4s
 29050K .......... .......... .......... .......... .......... 56% 24.0M 3s
 29100K .......... .......... .......... .......... .......... 56% 14.5M 3s
 29150K .......... .......... .......... .......... .......... 56% 14.3M 3s
 29200K .......... .......... .......... .......... .......... 56% 17.7M 3s
 29250K .......... .......... .......... .......... .......... 56%  297K 4s
 29300K .......... .......... .......... .......... .......... 56% 44.0M 4s
 29350K .......... .......... .......... .......... .......... 56%  171M 4s
 29400K .......... .......... .......... .......... .......... 56%  133M 4s
 29450K .......... .......... .......... .......... .......... 56%  146M 4s
 29500K .......... .......... .......... .......... .......... 56%  173M 4s
 29550K .......... .......... .......... .......... .......... 57%  127M 3s
 29600K .......... .......... .......... .......... .......... 57%  128M 3s
 29650K .......... .......... .......... .......... .......... 57%  181M 3s
 29700K .......... .......... .......... .......... .......... 57%  170M 3s
 29750K .......... .......... .......... .......... .......... 57%  138M 3s
 29800K .......... .......... .......... .......... .......... 57% 14.0M 3s
 29850K .......... .......... .......... .......... .......... 57% 11.8M 3s
 29900K .......... .......... .......... .......... .......... 57% 13.3M 3s
 29950K .......... .......... .......... .......... .......... 57% 14.0M 3s
 30000K .......... .......... .......... .......... .......... 57% 26.9M 3s
 30050K .......... .......... .......... .......... .......... 58%  235M 3s
 30100K .......... .......... .......... .......... .......... 58%  224M 3s
 30150K .......... .......... .......... .......... .......... 58%  249M 3s
 30200K .......... .......... .......... .......... .......... 58%  131M 3s
 30250K .......... .......... .......... .......... .......... 58%  159M 3s
 30300K .......... .......... .......... .......... .......... 58%  238M 3s
 30350K .......... .......... .......... .......... .......... 58%  121M 3s
 30400K .......... .......... .......... .......... .......... 58% 84.3M 3s
 30450K .......... .......... .......... .......... .......... 58%  167M 3s
 30500K .......... .......... .......... .......... .......... 58%  242M 3s
 30550K .......... .......... .......... .......... .......... 59%  186M 3s
 30600K .......... .......... .......... .......... .......... 59% 30.3M 3s
 30650K .......... .......... .......... .......... .......... 59% 15.0M 3s
 30700K .......... .......... .......... .......... .......... 59% 18.6M 3s
 30750K .......... .......... .......... .......... .......... 59% 17.9M 3s
 30800K .......... .......... .......... .......... .......... 59% 17.9M 3s
 30850K .......... .......... .......... .......... .......... 59%  123M 3s
 30900K .......... .......... .......... .......... .......... 59%  231M 3s
 30950K .......... .......... .......... .......... .......... 59%  183M 3s
 31000K .......... .......... .......... .......... .......... 59%  202M 3s
 31050K .......... .......... .......... .......... .......... 59%  240M 3s
 31100K .......... .......... .......... .......... .......... 60%  245M 3s
 31150K .......... .......... .......... .......... .......... 60%  248M 3s
 31200K .......... .......... .......... .......... .......... 60%  152M 3s
 31250K .......... .......... .......... .......... .......... 60%  148M 3s
 31300K .......... .......... .......... .......... .......... 60%  159M 3s
 31350K .......... .......... .......... .......... .......... 60%  190M 3s
 31400K .......... .......... .......... .......... .......... 60%  278K 3s
 31450K .......... .......... .......... .......... .......... 60% 20.3M 3s
 31500K .......... .......... .......... .......... .......... 60% 17.5M 3s
 31550K .......... .......... .......... .......... .......... 60% 26.2M 3s
 31600K .......... .......... .......... .......... .......... 61% 23.2M 3s
 31650K .......... .......... .......... .......... .......... 61% 19.8M 3s
 31700K .......... .......... .......... .......... .......... 61% 20.9M 3s
 31750K .......... .......... .......... .......... .......... 61% 18.2M 3s
 31800K .......... .......... .......... .......... .......... 61% 16.9M 3s
 31850K .......... .......... .......... .......... .......... 61% 21.4M 3s
 31900K .......... .......... .......... .......... .......... 61% 20.1M 3s
 31950K .......... .......... .......... .......... .......... 61% 20.2M 3s
 32000K .......... .......... .......... .......... .......... 61% 32.6M 3s
 32050K .......... .......... .......... .......... .......... 61% 36.7M 3s
 32100K .......... .......... .......... .......... .......... 62% 37.1M 3s
 32150K .......... .......... .......... .......... .......... 62% 37.2M 3s
 32200K .......... .......... .......... .......... .......... 62% 32.2M 3s
 32250K .......... .......... .......... .......... .......... 62% 37.5M 3s
 32300K .......... .......... .......... .......... .......... 62% 64.9M 3s
 32350K .......... .......... .......... .......... .......... 62%  378M 3s
 32400K .......... .......... .......... .......... .......... 62%  248M 3s
 32450K .......... .......... .......... .......... .......... 62%  299M 3s
 32500K .......... .......... .......... .......... .......... 62%  392M 3s
 32550K .......... .......... .......... .......... .......... 62%  379M 3s
 32600K .......... .......... .......... .......... .......... 62%  311M 3s
 32650K .......... .......... .......... .......... .......... 63%  325M 3s
 32700K .......... .......... .......... .......... .......... 63%  386M 3s
 32750K .......... .......... .......... .......... .......... 63%  332M 3s
 32800K .......... .......... .......... .......... .......... 63%  325M 3s
 32850K .......... .......... .......... .......... .......... 63%  387M 3s
 32900K .......... .......... .......... .......... .......... 63%  383M 3s
 32950K .......... .......... .......... .......... .......... 63%  389M 3s
 33000K .......... .......... .......... .......... .......... 63%  317M 3s
 33050K .......... .......... .......... .......... .......... 63%  379M 3s
 33100K .......... .......... .......... .......... .......... 63%  382M 3s
 33150K .......... .......... .......... .......... .......... 64%  393M 3s
 33200K .......... .......... .......... .......... .......... 64%  329M 3s
 33250K .......... .......... .......... .......... .......... 64%  387M 3s
 33300K .......... .......... .......... .......... .......... 64%  354M 3s
 33350K .......... .......... .......... .......... .......... 64%  358M 3s
 33400K .......... .......... .......... .......... .......... 64%  280M 3s
 33450K .......... .......... .......... .......... .......... 64%  392M 3s
 33500K .......... .......... .......... .......... .......... 64%  375M 3s
 33550K .......... .......... .......... .......... .......... 64%  372M 3s
 33600K .......... .......... .......... .......... .......... 64%  343M 3s
 33650K .......... .......... .......... .......... .......... 65%  398M 3s
 33700K .......... .......... .......... .......... .......... 65%  379M 3s
 33750K .......... .......... .......... .......... .......... 65%  276K 3s
 33800K .......... .......... .......... .......... .......... 65% 13.9M 3s
 33850K .......... .......... .......... .......... .......... 65% 19.1M 3s
 33900K .......... .......... .......... .......... .......... 65% 16.5M 3s
 33950K .......... .......... .......... .......... .......... 65% 19.4M 3s
 34000K .......... .......... .......... .......... .......... 65% 19.0M 3s
 34050K .......... .......... .......... .......... .......... 65% 17.5M 3s
 34100K .......... .......... .......... .......... .......... 65% 25.7M 3s
 34150K .......... .......... .......... .......... .......... 65% 27.9M 3s
 34200K .......... .......... .......... .......... .......... 66% 21.6M 3s
 34250K .......... .......... .......... .......... .......... 66% 22.1M 3s
 34300K .......... .......... .......... .......... .......... 66% 26.2M 3s
 34350K .......... .......... .......... .......... .......... 66% 19.7M 3s
 34400K .......... .......... .......... .......... .......... 66% 24.0M 3s
 34450K .......... .......... .......... .......... .......... 66% 26.8M 3s
 34500K .......... .......... .......... .......... .......... 66% 31.1M 3s
 34550K .......... .......... .......... .......... .......... 66% 29.5M 3s
 34600K .......... .......... .......... .......... .......... 66% 26.3M 3s
 34650K .......... .......... .......... .......... .......... 66%  127M 3s
 34700K .......... .......... .......... .......... .......... 67%  331M 3s
 34750K .......... .......... .......... .......... .......... 67%  340M 3s
 34800K .......... .......... .......... .......... .......... 67%  253M 3s
 34850K .......... .......... .......... .......... .......... 67%  280M 2s
 34900K .......... .......... .......... .......... .......... 67%  196M 2s
 34950K .......... .......... .......... .......... .......... 67% 64.9M 2s
 35000K .......... .......... .......... .......... .......... 67%  209M 2s
 35050K .......... .......... .......... .......... .......... 67%  272M 2s
 35100K .......... .......... .......... .......... .......... 67%  211M 2s
 35150K .......... .......... .......... .......... .......... 67%  187M 2s
 35200K .......... .......... .......... .......... .......... 67%  205M 2s
 35250K .......... .......... .......... .......... .......... 68%  181M 2s
 35300K .......... .......... .......... .......... .......... 68%  189M 2s
 35350K .......... .......... .......... .......... .......... 68%  212M 2s
 35400K .......... .......... .......... .......... .......... 68%  183M 2s
 35450K .......... .......... .......... .......... .......... 68%  184M 2s
 35500K .......... .......... .......... .......... .......... 68%  258M 2s
 35550K .......... .......... .......... .......... .......... 68%  215M 2s
 35600K .......... .......... .......... .......... .......... 68%  275K 2s
 35650K .......... .......... .......... .......... .......... 68% 11.2M 2s
 35700K .......... .......... .......... .......... .......... 68% 14.3M 2s
 35750K .......... .......... .......... .......... .......... 69% 15.5M 2s
 35800K .......... .......... .......... .......... .......... 69% 16.2M 2s
 35850K .......... .......... .......... .......... .......... 69% 15.8M 2s
 35900K .......... .......... .......... .......... .......... 69% 17.5M 2s
 35950K .......... .......... .......... .......... .......... 69% 16.9M 2s
 36000K .......... .......... .......... .......... .......... 69% 20.8M 2s
 36050K .......... .......... .......... .......... .......... 69% 22.8M 2s
 36100K .......... .......... .......... .......... .......... 69% 26.2M 2s
 36150K .......... .......... .......... .......... .......... 69% 25.1M 2s
 36200K .......... .......... .......... .......... .......... 69% 24.5M 2s
 36250K .......... .......... .......... .......... .......... 70% 19.7M 2s
 36300K .......... .......... .......... .......... .......... 70% 27.1M 2s
 36350K .......... .......... .......... .......... .......... 70% 25.2M 2s
 36400K .......... .......... .......... .......... .......... 70% 20.3M 2s
 36450K .......... .......... .......... .......... .......... 70% 42.5M 2s
 36500K .......... .......... .......... .......... .......... 70%  261M 2s
 36550K .......... .......... .......... .......... .......... 70%  257M 2s
 36600K .......... .......... .......... .......... .......... 70%  275M 2s
 36650K .......... .......... .......... .......... .......... 70%  189M 2s
 36700K .......... .......... .......... .......... .......... 70%  254M 2s
 36750K .......... .......... .......... .......... .......... 70%  230M 2s
 36800K .......... .......... .......... .......... .......... 71%  260M 2s
 36850K .......... .......... .......... .......... .......... 71%  239M 2s
 36900K .......... .......... .......... .......... .......... 71%  245M 2s
 36950K .......... .......... .......... .......... .......... 71%  243M 2s
 37000K .......... .......... .......... .......... .......... 71%  279M 2s
 37050K .......... .......... .......... .......... .......... 71%  230M 2s
 37100K .......... .......... .......... .......... .......... 71%  261M 2s
 37150K .......... .......... .......... .......... .......... 71%  279M 2s
 37200K .......... .......... .......... .......... .......... 71%  232M 2s
 37250K .......... .......... .......... .......... .......... 71%  236M 2s
 37300K .......... .......... .......... .......... .......... 72%  259M 2s
 37350K .......... .......... .......... .......... .......... 72%  286M 2s
 37400K .......... .......... .......... .......... .......... 72%  216M 2s
 37450K .......... .......... .......... .......... .......... 72%  162M 2s
 37500K .......... .......... .......... .......... .......... 72%  191M 2s
 37550K .......... .......... .......... .......... .......... 72%  254M 2s
 37600K .......... .......... .......... .......... .......... 72% 68.0M 2s
 37650K .......... .......... .......... .......... .......... 72% 14.4M 2s
 37700K .......... .......... .......... .......... .......... 72% 16.2M 2s
 37750K .......... .......... .......... .......... .......... 72%  303K 2s
 37800K .......... .......... .......... .......... .......... 73% 18.9M 2s
 37850K .......... .......... .......... .......... .......... 73% 17.8M 2s
 37900K .......... .......... .......... .......... .......... 73% 19.4M 2s
 37950K .......... .......... .......... .......... .......... 73% 22.1M 2s
 38000K .......... .......... .......... .......... .......... 73% 28.0M 2s
 38050K .......... .......... .......... .......... .......... 73% 26.0M 2s
 38100K .......... .......... .......... .......... .......... 73% 29.8M 2s
 38150K .......... .......... .......... .......... .......... 73% 37.0M 2s
 38200K .......... .......... .......... .......... .......... 73% 63.7M 2s
 38250K .......... .......... .......... .......... .......... 73%  163M 2s
 38300K .......... .......... .......... .......... .......... 73%  220M 2s
 38350K .......... .......... .......... .......... .......... 74%  321M 2s
 38400K .......... .......... .......... .......... .......... 74%  343M 2s
 38450K .......... .......... .......... .......... .......... 74%  339M 2s
 38500K .......... .......... .......... .......... .......... 74%  323M 2s
 38550K .......... .......... .......... .......... .......... 74%  383M 2s
 38600K .......... .......... .......... .......... .......... 74%  398M 2s
 38650K .......... .......... .......... .......... .......... 74%  212M 2s
 38700K .......... .......... .......... .......... .......... 74%  201M 2s
 38750K .......... .......... .......... .......... .......... 74%  251M 2s
 38800K .......... .......... .......... .......... .......... 74%  241M 2s
 38850K .......... .......... .......... .......... .......... 75%  304M 2s
 38900K .......... .......... .......... .......... .......... 75%  359M 2s
 38950K .......... .......... .......... .......... .......... 75%  398M 2s
 39000K .......... .......... .......... .......... .......... 75% 48.7M 2s
 39050K .......... .......... .......... .......... .......... 75% 21.5M 2s
 39100K .......... .......... .......... .......... .......... 75% 27.5M 2s
 39150K .......... .......... .......... .......... .......... 75% 28.5M 2s
 39200K .......... .......... .......... .......... .......... 75% 33.2M 2s
 39250K .......... .......... .......... .......... .......... 75% 30.1M 2s
 39300K .......... .......... .......... .......... .......... 75% 34.6M 2s
 39350K .......... .......... .......... .......... .......... 75% 27.5M 2s
 39400K .......... .......... .......... .......... .......... 76%  187M 2s
 39450K .......... .......... .......... .......... .......... 76%  310M 2s
 39500K .......... .......... .......... .......... .......... 76%  315M 2s
 39550K .......... .......... .......... .......... .......... 76%  297M 2s
 39600K .......... .......... .......... .......... .......... 76%  266K 2s
 39650K .......... .......... .......... .......... .......... 76% 7.65M 2s
 39700K .......... .......... .......... .......... .......... 76% 8.91M 2s
 39750K .......... .......... .......... .......... .......... 76% 11.5M 2s
 39800K .......... .......... .......... .......... .......... 76% 15.5M 2s
 39850K .......... .......... .......... .......... .......... 76% 53.6M 2s
 39900K .......... .......... .......... .......... .......... 77%  202M 2s
 39950K .......... .......... .......... .......... .......... 77%  164M 2s
 40000K .......... .......... .......... .......... .......... 77%  129M 2s
 40050K .......... .......... .......... .......... .......... 77%  111M 2s
 40100K .......... .......... .......... .......... .......... 77%  119M 2s
 40150K .......... .......... .......... .......... .......... 77% 22.3M 2s
 40200K .......... .......... .......... .......... .......... 77% 11.0M 2s
 40250K .......... .......... .......... .......... .......... 77% 12.2M 2s
 40300K .......... .......... .......... .......... .......... 77% 19.3M 2s
 40350K .......... .......... .......... .......... .......... 77% 18.9M 2s
 40400K .......... .......... .......... .......... .......... 78% 16.8M 2s
 40450K .......... .......... .......... .......... .......... 78% 16.0M 2s
 40500K .......... .......... .......... .......... .......... 78% 19.4M 2s
 40550K .......... .......... .......... .......... .......... 78% 17.6M 2s
 40600K .......... .......... .......... .......... .......... 78% 23.5M 2s
 40650K .......... .......... .......... .......... .......... 78%  177M 2s
 40700K .......... .......... .......... .......... .......... 78%  195M 2s
 40750K .......... .......... .......... .......... .......... 78%  181M 2s
 40800K .......... .......... .......... .......... .......... 78%  200M 2s
 40850K .......... .......... .......... .......... .......... 78%  178M 2s
 40900K .......... .......... .......... .......... .......... 78%  213M 2s
 40950K .......... .......... .......... .......... .......... 79%  173M 2s
 41000K .......... .......... .......... .......... .......... 79%  205M 2s
 41050K .......... .......... .......... .......... .......... 79%  178M 2s
 41100K .......... .......... .......... .......... .......... 79%  219M 2s
 41150K .......... .......... .......... .......... .......... 79%  173M 2s
 41200K .......... .......... .......... .......... .......... 79%  161M 1s
 41250K .......... .......... .......... .......... .......... 79% 11.0M 1s
 41300K .......... .......... .......... .......... .......... 79% 12.3M 1s
 41350K .......... .......... .......... .......... .......... 79% 15.2M 1s
 41400K .......... .......... .......... .......... .......... 79% 71.7M 1s
 41450K .......... .......... .......... .......... .......... 80%  162M 1s
 41500K .......... .......... .......... .......... .......... 80%  201M 1s
 41550K .......... .......... .......... .......... .......... 80%  195M 1s
 41600K .......... .......... .......... .......... .......... 80%  214M 1s
 41650K .......... .......... .......... .......... .......... 80%  153M 1s
 41700K .......... .......... .......... .......... .......... 80%  203M 1s
 41750K .......... .......... .......... .......... .......... 80%  218M 1s
 41800K .......... .......... .......... .......... .......... 80%  210M 1s
 41850K .......... .......... .......... .......... .......... 80%  134M 1s
 41900K .......... .......... .......... .......... .......... 80%  217M 1s
 41950K .......... .......... .......... .......... .......... 81%  208M 1s
 42000K .......... .......... .......... .......... .......... 81%  210M 1s
 42050K .......... .......... .......... .......... .......... 81%  143M 1s
 42100K .......... .......... .......... .......... .......... 81%  211M 1s
 42150K .......... .......... .......... .......... .......... 81% 15.5M 1s
 42200K .......... .......... .......... .......... .......... 81% 13.6M 1s
 42250K .......... .......... .......... .......... .......... 81% 14.1M 1s
 42300K .......... .......... .......... .......... .......... 81%  349K 1s
 42350K .......... .......... .......... .......... .......... 81% 10.5M 1s
 42400K .......... .......... .......... .......... .......... 81% 16.6M 1s
 42450K .......... .......... .......... .......... .......... 81%  162M 1s
 42500K .......... .......... .......... .......... .......... 82%  237M 1s
 42550K .......... .......... .......... .......... .......... 82%  209M 1s
 42600K .......... .......... .......... .......... .......... 82%  213M 1s
 42650K .......... .......... .......... .......... .......... 82%  135M 1s
 42700K .......... .......... .......... .......... .......... 82%  236M 1s
 42750K .......... .......... .......... .......... .......... 82%  177M 1s
 42800K .......... .......... .......... .......... .......... 82%  197M 1s
 42850K .......... .......... .......... .......... .......... 82%  204M 1s
 42900K .......... .......... .......... .......... .......... 82%  228M 1s
 42950K .......... .......... .......... .......... .......... 82%  158M 1s
 43000K .......... .......... .......... .......... .......... 83% 21.1M 1s
 43050K .......... .......... .......... .......... .......... 83% 10.9M 1s
 43100K .......... .......... .......... .......... .......... 83% 9.28M 1s
 43150K .......... .......... .......... .......... .......... 83% 15.0M 1s
 43200K .......... .......... .......... .......... .......... 83% 21.1M 1s
 43250K .......... .......... .......... .......... .......... 83% 18.5M 1s
 43300K .......... .......... .......... .......... .......... 83% 19.0M 1s
 43350K .......... .......... .......... .......... .......... 83% 20.4M 1s
 43400K .......... .......... .......... .......... .......... 83% 23.6M 1s
 43450K .......... .......... .......... .......... .......... 83% 18.1M 1s
 43500K .......... .......... .......... .......... .......... 84%  203M 1s
 43550K .......... .......... .......... .......... .......... 84%  243M 1s
 43600K .......... .......... .......... .......... .......... 84%  194M 1s
 43650K .......... .......... .......... .......... .......... 84%  186M 1s
 43700K .......... .......... .......... .......... .......... 84%  214M 1s
 43750K .......... .......... .......... .......... .......... 84%  245M 1s
 43800K .......... .......... .......... .......... .......... 84%  182M 1s
 43850K .......... .......... .......... .......... .......... 84%  171M 1s
 43900K .......... .......... .......... .......... .......... 84%  278K 1s
 43950K .......... .......... .......... .......... .......... 84% 6.72M 1s
 44000K .......... .......... .......... .......... .......... 84% 7.12M 1s
 44050K .......... .......... .......... .......... .......... 85% 15.3M 1s
 44100K .......... .......... .......... .......... .......... 85% 14.9M 1s
 44150K .......... .......... .......... .......... .......... 85% 16.5M 1s
 44200K .......... .......... .......... .......... .......... 85% 20.5M 1s
 44250K .......... .......... .......... .......... .......... 85%  199M 1s
 44300K .......... .......... .......... .......... .......... 85%  228M 1s
 44350K .......... .......... .......... .......... .......... 85%  175M 1s
 44400K .......... .......... .......... .......... .......... 85%  197M 1s
 44450K .......... .......... .......... .......... .......... 85%  215M 1s
 44500K .......... .......... .......... .......... .......... 85%  234M 1s
 44550K .......... .......... .......... .......... .......... 86%  204M 1s
 44600K .......... .......... .......... .......... .......... 86%  198M 1s
 44650K .......... .......... .......... .......... .......... 86%  211M 1s
 44700K .......... .......... .......... .......... .......... 86%  237M 1s
 44750K .......... .......... .......... .......... .......... 86% 18.5M 1s
 44800K .......... .......... .......... .......... .......... 86% 13.0M 1s
 44850K .......... .......... .......... .......... .......... 86% 12.8M 1s
 44900K .......... .......... .......... .......... .......... 86% 16.8M 1s
 44950K .......... .......... .......... .......... .......... 86% 20.1M 1s
 45000K .......... .......... .......... .......... .......... 86% 17.6M 1s
 45050K .......... .......... .......... .......... .......... 86% 18.6M 1s
 45100K .......... .......... .......... .......... .......... 87% 18.9M 1s
 45150K .......... .......... .......... .......... .......... 87% 20.3M 1s
 45200K .......... .......... .......... .......... .......... 87%  179M 1s
 45250K .......... .......... .......... .......... .......... 87%  227M 1s
 45300K .......... .......... .......... .......... .......... 87%  231M 1s
 45350K .......... .......... .......... .......... .......... 87%  150M 1s
 45400K .......... .......... .......... .......... .......... 87%  195M 1s
 45450K .......... .......... .......... .......... .......... 87%  235M 1s
 45500K .......... .......... .......... .......... .......... 87%  218M 1s
 45550K .......... .......... .......... .......... .......... 87%  201M 1s
 45600K .......... .......... .......... .......... .......... 88% 28.5M 1s
 45650K .......... .......... .......... .......... .......... 88% 14.9M 1s
 45700K .......... .......... .......... .......... .......... 88% 14.8M 1s
 45750K .......... .......... .......... .......... .......... 88% 18.5M 1s
 45800K .......... .......... .......... .......... .......... 88% 18.1M 1s
 45850K .......... .......... .......... .......... .......... 88% 21.5M 1s
 45900K .......... .......... .......... .......... .......... 88% 19.1M 1s
 45950K .......... .......... .......... .......... .......... 88% 21.4M 1s
 46000K .......... .......... .......... .......... .......... 88% 17.1M 1s
 46050K .......... .......... .......... .......... .......... 88% 21.5M 1s
 46100K .......... .......... .......... .......... .......... 89% 33.3M 1s
 46150K .......... .......... .......... .......... .......... 89%  192M 1s
 46200K .......... .......... .......... .......... .......... 89%  167M 1s
 46250K .......... .......... .......... .......... .......... 89%  228M 1s
 46300K .......... .......... .......... .......... .......... 89% 15.7M 1s
 46350K .......... .......... .......... .......... .......... 89% 14.6M 1s
 46400K .......... .......... .......... .......... .......... 89% 17.7M 1s
 46450K .......... .......... .......... .......... .......... 89%  391K 1s
 46500K .......... .......... .......... .......... .......... 89% 10.2M 1s
 46550K .......... .......... .......... .......... .......... 89% 15.2M 1s
 46600K .......... .......... .......... .......... .......... 89% 10.7M 1s
 46650K .......... .......... .......... .......... .......... 90% 12.7M 1s
 46700K .......... .......... .......... .......... .......... 90% 11.6M 1s
 46750K .......... .......... .......... .......... .......... 90% 18.3M 1s
 46800K .......... .......... .......... .......... .......... 90% 76.5M 1s
 46850K .......... .......... .......... .......... .......... 90%  116M 1s
 46900K .......... .......... .......... .......... .......... 90%  103M 1s
 46950K .......... .......... .......... .......... .......... 90%  190M 1s
 47000K .......... .......... .......... .......... .......... 90%  131M 1s
 47050K .......... .......... .......... .......... .......... 90%  145M 1s
 47100K .......... .......... .......... .......... .......... 90%  101M 1s
 47150K .......... .......... .......... .......... .......... 91%  212M 1s
 47200K .......... .......... .......... .......... .......... 91%  213M 1s
 47250K .......... .......... .......... .......... .......... 91%  195M 1s
 47300K .......... .......... .......... .......... .......... 91% 17.8M 1s
 47350K .......... .......... .......... .......... .......... 91% 14.1M 1s
 47400K .......... .......... .......... .......... .......... 91% 12.6M 1s
 47450K .......... .......... .......... .......... .......... 91% 14.9M 1s
 47500K .......... .......... .......... .......... .......... 91% 15.5M 1s
 47550K .......... .......... .......... .......... .......... 91% 18.7M 1s
 47600K .......... .......... .......... .......... .......... 91% 20.1M 1s
 47650K .......... .......... .......... .......... .......... 92% 20.1M 1s
 47700K .......... .......... .......... .......... .......... 92% 16.5M 1s
 47750K .......... .......... .......... .......... .......... 92% 20.3M 1s
 47800K .......... .......... .......... .......... .......... 92% 35.1M 1s
 47850K .......... .......... .......... .......... .......... 92%  119M 1s
 47900K .......... .......... .......... .......... .......... 92% 1.57M 1s
 47950K .......... .......... .......... .......... .......... 92% 14.6M 1s
 48000K .......... .......... .......... .......... .......... 92% 16.5M 1s
 48050K .......... .......... .......... .......... .......... 92% 21.8M 1s
 48100K .......... .......... .......... .......... .......... 92% 21.7M 1s
 48150K .......... .......... .......... .......... .......... 92% 26.9M 0s
 48200K .......... .......... .......... .......... .......... 93% 20.6M 0s
 48250K .......... .......... .......... .......... .......... 93% 28.7M 0s
 48300K .......... .......... .......... .......... .......... 93% 28.3M 0s
 48350K .......... .......... .......... .......... .......... 93%  101M 0s
 48400K .......... .......... .......... .......... .......... 93%  254M 0s
 48450K .......... .......... .......... .......... .......... 93%  295M 0s
 48500K .......... .......... .......... .......... .......... 93%  293M 0s
 48550K .......... .......... .......... .......... .......... 93%  291M 0s
 48600K .......... .......... .......... .......... .......... 93%  264M 0s
 48650K .......... .......... .......... .......... .......... 93%  302M 0s
 48700K .......... .......... .......... .......... .......... 94%  309M 0s
 48750K .......... .......... .......... .......... .......... 94%  297M 0s
 48800K .......... .......... .......... .......... .......... 94%  232M 0s
 48850K .......... .......... .......... .......... .......... 94%  304M 0s
 48900K .......... .......... .......... .......... .......... 94%  289M 0s
 48950K .......... .......... .......... .......... .......... 94%  304M 0s
 49000K .......... .......... .......... .......... .......... 94%  265M 0s
 49050K .......... .......... .......... .......... .......... 94%  283M 0s
 49100K .......... .......... .......... .......... .......... 94%  242M 0s
 49150K .......... .......... .......... .......... .......... 94%  293M 0s
 49200K .......... .......... .......... .......... .......... 94% 28.5M 0s
 49250K .......... .......... .......... .......... .......... 95% 23.4M 0s
 49300K .......... .......... .......... .......... .......... 95% 24.3M 0s
 49350K .......... .......... .......... .......... .......... 95% 24.2M 0s
 49400K .......... .......... .......... .......... .......... 95% 18.9M 0s
 49450K .......... .......... .......... .......... .......... 95%  500K 0s
 49500K .......... .......... .......... .......... .......... 95% 9.33M 0s
 49550K .......... .......... .......... .......... .......... 95% 16.6M 0s
 49600K .......... .......... .......... .......... .......... 95% 15.7M 0s
 49650K .......... .......... .......... .......... .......... 95% 15.2M 0s
 49700K .......... .......... .......... .......... .......... 95% 16.9M 0s
 49750K .......... .......... .......... .......... .......... 96% 14.3M 0s
 49800K .......... .......... .......... .......... .......... 96% 15.5M 0s
 49850K .......... .......... .......... .......... .......... 96% 50.8M 0s
 49900K .......... .......... .......... .......... .......... 96%  147M 0s
 49950K .......... .......... .......... .......... .......... 96%  201M 0s
 50000K .......... .......... .......... .......... .......... 96%  213M 0s
 50050K .......... .......... .......... .......... .......... 96% 10.9M 0s
 50100K .......... .......... .......... .......... .......... 96% 15.8M 0s
 50150K .......... .......... .......... .......... .......... 96% 19.5M 0s
 50200K .......... .......... .......... .......... .......... 96%  908K 0s
 50250K .......... .......... .......... .......... .......... 97% 9.62M 0s
 50300K .......... .......... .......... .......... .......... 97% 27.7M 0s
 50350K .......... .......... .......... .......... .......... 97%  115M 0s
 50400K .......... .......... .......... .......... .......... 97%  160M 0s
 50450K .......... .......... .......... .......... .......... 97%  144M 0s
 50500K .......... .......... .......... .......... .......... 97%  118M 0s
 50550K .......... .......... .......... .......... .......... 97%  153M 0s
 50600K .......... .......... .......... .......... .......... 97%  136M 0s
 50650K .......... .......... .......... .......... .......... 97%  147M 0s
 50700K .......... .......... .......... .......... .......... 97%  114M 0s
 50750K .......... .......... .......... .......... .......... 97%  129M 0s
 50800K .......... .......... .......... .......... .......... 98%  166M 0s
 50850K .......... .......... .......... .......... .......... 98%  194M 0s
 50900K .......... .......... .......... .......... .......... 98% 14.4M 0s
 50950K .......... .......... .......... .......... .......... 98% 12.6M 0s
 51000K .......... .......... .......... .......... .......... 98% 12.4M 0s
 51050K .......... .......... .......... .......... .......... 98% 14.6M 0s
 51100K .......... .......... .......... .......... .......... 98% 13.2M 0s
 51150K .......... .......... .......... .......... .......... 98% 13.2M 0s
 51200K .......... .......... .......... .......... .......... 98% 11.6M 0s
 51250K .......... .......... .......... .......... .......... 98% 22.1M 0s
 51300K .......... .......... .......... .......... .......... 99%  152M 0s
 51350K .......... .......... .......... .......... .......... 99%  142M 0s
 51400K .......... .......... .......... .......... .......... 99%  216M 0s
 51450K .......... .......... .......... .......... .......... 99%  205M 0s
 51500K .......... .......... .......... .......... .......... 99%  187M 0s
 51550K .......... .......... .......... .......... .......... 99%  148M 0s
 51600K .......... .......... .......... .......... .......... 99%  155M 0s
 51650K .......... .......... .......... .......... .......... 99%  549K 0s
 51700K .......... .......... .......... .......... .......... 99% 8.22M 0s
 51750K .......... .......... .......... .......... .......... 99% 10.4M 0s
 51800K .......... .......... .......... .......... ....      100% 14.5M=6.9s

2018-04-02 20:33:56 (7.35 MB/s) - ‘linux-image-4.16-amd64.deb’ saved [53088470/53088470]

Selecting previously unselected package linux-image-4.16.0-041600-generic.
(Reading database ... 93193 files and directories currently installed.)
Preparing to unpack linux-image-4.16-amd64.deb ...
Done.
Unpacking linux-image-4.16.0-041600-generic (4.16.0-041600.201804012230) ...
Setting up linux-image-4.16.0-041600-generic (4.16.0-041600.201804012230) ...
Running depmod.
update-initramfs: deferring update (hook will be called later)
Examining /etc/kernel/postinst.d.
run-parts: executing /etc/kernel/postinst.d/apt-auto-removal 4.16.0-041600-generic /boot/vmlinuz-4.16.0-041600-generic
run-parts: executing /etc/kernel/postinst.d/initramfs-tools 4.16.0-041600-generic /boot/vmlinuz-4.16.0-041600-generic
update-initramfs: Generating /boot/initrd.img-4.16.0-041600-generic
W: mdadm: /etc/mdadm/mdadm.conf defines no arrays.
run-parts: executing /etc/kernel/postinst.d/unattended-upgrades 4.16.0-041600-generic /boot/vmlinuz-4.16.0-041600-generic
run-parts: executing /etc/kernel/postinst.d/update-notifier 4.16.0-041600-generic /boot/vmlinuz-4.16.0-041600-generic
run-parts: executing /etc/kernel/postinst.d/zz-update-grub 4.16.0-041600-generic /boot/vmlinuz-4.16.0-041600-generic
Generating grub configuration file ...
Found linux image: /boot/vmlinuz-4.16.0-041600-generic
Found initrd image: /boot/initrd.img-4.16.0-041600-generic
Found linux image: /boot/vmlinuz-4.4.0-109-generic
Found initrd image: /boot/initrd.img-4.4.0-109-generic
Found linux image: /boot/vmlinuz-4.4.0-87-generic
Found initrd image: /boot/initrd.img-4.4.0-87-generic
done
removed 'linux-image-4.16-amd64.deb'
Generating grub configuration file ...
Found linux image: /boot/vmlinuz-4.16.0-041600-generic
Found initrd image: /boot/initrd.img-4.16.0-041600-generic
Found linux image: /boot/vmlinuz-4.4.0-109-generic
Found initrd image: /boot/initrd.img-4.4.0-109-generic
Found linux image: /boot/vmlinuz-4.4.0-87-generic
Found initrd image: /boot/initrd.img-4.4.0-87-generic
done

[0;32mInfo:[0m The system needs to reboot.
Do you want to restart system? [y/n]